2025-01-16T16:42:32.877Z [error] : unhandledRejection: logger.error is not a function
TypeError: logger.error is not a function
    at userController (file:///Users/pro/Desktop/OcassionHub/src/controllers/authUserController.js:19:16)
    at Layer.handle [as handle_request] (/Users/pro/Desktop/OcassionHub/node_modules/express/lib/router/layer.js:95:5)
    at next (/Users/pro/Desktop/OcassionHub/node_modules/express/lib/router/route.js:149:13)
    at Route.dispatch (/Users/pro/Desktop/OcassionHub/node_modules/express/lib/router/route.js:119:3)
    at Layer.handle [as handle_request] (/Users/pro/Desktop/OcassionHub/node_modules/express/lib/router/layer.js:95:5)
    at /Users/pro/Desktop/OcassionHub/node_modules/express/lib/router/index.js:284:15
    at Function.process_params (/Users/pro/Desktop/OcassionHub/node_modules/express/lib/router/index.js:346:12)
    at next (/Users/pro/Desktop/OcassionHub/node_modules/express/lib/router/index.js:280:10)
    at Function.handle (/Users/pro/Desktop/OcassionHub/node_modules/express/lib/router/index.js:175:3)
    at router (/Users/pro/Desktop/OcassionHub/node_modules/express/lib/router/index.js:47:12) 
2025-01-16T16:43:55.442Z [error] : unhandledRejection: logger.error is not a function
TypeError: logger.error is not a function
    at userController (file:///Users/pro/Desktop/OcassionHub/src/controllers/authUserController.js:19:16)
    at Layer.handle [as handle_request] (/Users/pro/Desktop/OcassionHub/node_modules/express/lib/router/layer.js:95:5)
    at next (/Users/pro/Desktop/OcassionHub/node_modules/express/lib/router/route.js:149:13)
    at Route.dispatch (/Users/pro/Desktop/OcassionHub/node_modules/express/lib/router/route.js:119:3)
    at Layer.handle [as handle_request] (/Users/pro/Desktop/OcassionHub/node_modules/express/lib/router/layer.js:95:5)
    at /Users/pro/Desktop/OcassionHub/node_modules/express/lib/router/index.js:284:15
    at Function.process_params (/Users/pro/Desktop/OcassionHub/node_modules/express/lib/router/index.js:346:12)
    at next (/Users/pro/Desktop/OcassionHub/node_modules/express/lib/router/index.js:280:10)
    at Function.handle (/Users/pro/Desktop/OcassionHub/node_modules/express/lib/router/index.js:175:3)
    at router (/Users/pro/Desktop/OcassionHub/node_modules/express/lib/router/index.js:47:12) 
2025-01-16T16:45:27.265Z [info] : Request to create or fetch user: undefined, undefined 
2025-01-16T16:45:27.270Z [info] : Checking if user exists: username=undefined, email=undefined 
2025-01-16T16:45:37.279Z [error] : Error in the registering user Operation `users.findOne()` buffering timed out after 10000ms Operation `users.findOne()` buffering timed out after 10000ms 
2025-01-16T16:45:37.280Z [error] : Error registering user with email: undefined, username: undefined 
2025-01-16T16:45:37.280Z [error] : Error details: Error in Regsitering the User Operation `users.findOne()` buffering timed out after 10000ms 
2025-01-16T16:45:37.283Z [error] : unhandledRejection: errorResponse is not defined
ReferenceError: errorResponse is not defined
    at userController (file:///Users/pro/Desktop/OcassionHub/src/controllers/authUserController.js:22:26)
    at process.processTicksAndRejections (node:internal/process/task_queues:95:5) 
